<?xml version="1.0" encoding="UTF-8" ?>
<testsuite failures="0" time="0.237" errors="0" skipped="0" tests="2" name="com.tj.gyl.database.test.SessionFactoryTest">
  <properties>
    <property name="java.runtime.name" value="Java(TM) SE Runtime Environment"/>
    <property name="sun.boot.library.path" value="H:\MyEclipseProfessional\binary\com.sun.java.jdk.win32.x86_1.6.0.u43\jre\bin"/>
    <property name="java.vm.version" value="20.14-b01"/>
    <property name="java.vm.vendor" value="Sun Microsystems Inc."/>
    <property name="java.vendor.url" value="http://java.sun.com/"/>
    <property name="path.separator" value=";"/>
    <property name="guice.disable.misplaced.annotation.check" value="true"/>
    <property name="java.vm.name" value="Java HotSpot(TM) Client VM"/>
    <property name="file.encoding.pkg" value="sun.io"/>
    <property name="user.country" value="CN"/>
    <property name="sun.java.launcher" value="SUN_STANDARD"/>
    <property name="sun.os.patch.level" value="Service Pack 1"/>
    <property name="java.vm.specification.name" value="Java Virtual Machine Specification"/>
    <property name="user.dir" value="H:\MyEclipseProfessionalWorkspaces\gyl"/>
    <property name="java.runtime.version" value="1.6.0_43-b01"/>
    <property name="java.awt.graphicsenv" value="sun.awt.Win32GraphicsEnvironment"/>
    <property name="java.endorsed.dirs" value="H:\MyEclipseProfessional\binary\com.sun.java.jdk.win32.x86_1.6.0.u43\jre\lib\endorsed"/>
    <property name="os.arch" value="x86"/>
    <property name="java.io.tmpdir" value="C:\Users\ADMINI~1\AppData\Local\Temp\"/>
    <property name="line.separator" value="
"/>
    <property name="java.vm.specification.vendor" value="Sun Microsystems Inc."/>
    <property name="user.variant" value=""/>
    <property name="os.name" value="Windows 7"/>
    <property name="classworlds.conf" value="H:\MyEclipseProfessionalWorkspaces\.metadata\.plugins\org.eclipse.m2e.core\launches\m2conf365736185321900946.tmp"/>
    <property name="sun.jnu.encoding" value="GBK"/>
    <property name="java.library.path" value="H:\MyEclipseProfessional\binary\com.sun.java.jdk.win32.x86_1.6.0.u43\bin;C:\Windows\Sun\Java\bin;C:\Windows\system32;C:\Windows;H:/MyEclipseProfessional/binary/com.sun.java.jdk.win32.x86_1.6.0.u43/jre/bin/client;H:/MyEclipseProfessional/binary/com.sun.java.jdk.win32.x86_1.6.0.u43/jre/bin;H:/MyEclipseProfessional/binary/com.sun.java.jdk.win32.x86_1.6.0.u43/jre/lib/i386;H:\phpStudy\MySQL\bin;H:\javajdk\bin;C:\Windows\system32;C:\Windows;C:\Windows\System32\Wbem;C:\Windows\System32\WindowsPowerShell\v1.0\;C:\Program Files\Git\cmd;D:\ITsoft\svn\bin;D:\ITsoft\TortoiseSVN\bin;H:\maven\bin;H:\dev\nvm;H:\dev\nodejs;H:\dev\nvm\npm;H:\dev\git\bin;;."/>
    <property name="java.specification.name" value="Java Platform API Specification"/>
    <property name="java.class.version" value="50.0"/>
    <property name="sun.management.compiler" value="HotSpot Client Compiler"/>
    <property name="os.version" value="6.1"/>
    <property name="user.home" value="D:\Users\Administrator"/>
    <property name="user.timezone" value="Asia/Shanghai"/>
    <property name="java.awt.printerjob" value="sun.awt.windows.WPrinterJob"/>
    <property name="file.encoding" value="GBK"/>
    <property name="java.specification.version" value="1.6"/>
    <property name="user.name" value="Administrator"/>
    <property name="java.class.path" value="/H:/MyEclipseProfessional/plugins/org.eclipse.m2e.maven.runtime_1.2.0.20120903-0645/jars/plexus-classworlds-2.4.jar"/>
    <property name="java.vm.specification.version" value="1.0"/>
    <property name="sun.arch.data.model" value="32"/>
    <property name="java.home" value="H:\MyEclipseProfessional\binary\com.sun.java.jdk.win32.x86_1.6.0.u43\jre"/>
    <property name="sun.java.command" value="org.codehaus.plexus.classworlds.launcher.Launcher -B test"/>
    <property name="java.specification.vendor" value="Sun Microsystems Inc."/>
    <property name="user.language" value="zh"/>
    <property name="awt.toolkit" value="sun.awt.windows.WToolkit"/>
    <property name="java.vm.info" value="mixed mode"/>
    <property name="java.version" value="1.6.0_43"/>
    <property name="java.ext.dirs" value="H:\MyEclipseProfessional\binary\com.sun.java.jdk.win32.x86_1.6.0.u43\jre\lib\ext;C:\Windows\Sun\Java\lib\ext"/>
    <property name="sun.boot.class.path" value="H:\MyEclipseProfessional\binary\com.sun.java.jdk.win32.x86_1.6.0.u43\jre\lib\resources.jar;H:\MyEclipseProfessional\binary\com.sun.java.jdk.win32.x86_1.6.0.u43\jre\lib\rt.jar;H:\MyEclipseProfessional\binary\com.sun.java.jdk.win32.x86_1.6.0.u43\jre\lib\sunrsasign.jar;H:\MyEclipseProfessional\binary\com.sun.java.jdk.win32.x86_1.6.0.u43\jre\lib\jsse.jar;H:\MyEclipseProfessional\binary\com.sun.java.jdk.win32.x86_1.6.0.u43\jre\lib\jce.jar;H:\MyEclipseProfessional\binary\com.sun.java.jdk.win32.x86_1.6.0.u43\jre\lib\charsets.jar;H:\MyEclipseProfessional\binary\com.sun.java.jdk.win32.x86_1.6.0.u43\jre\lib\modules\jdk.boot.jar;H:\MyEclipseProfessional\binary\com.sun.java.jdk.win32.x86_1.6.0.u43\jre\classes"/>
    <property name="java.vendor" value="Sun Microsystems Inc."/>
    <property name="maven.home" value="H:\MyEclipseProfessionalWorkspaces\gyl\EMBEDDED"/>
    <property name="file.separator" value="\"/>
    <property name="java.vendor.url.bug" value="http://java.sun.com/cgi-bin/bugreport.cgi"/>
    <property name="sun.cpu.endian" value="little"/>
    <property name="sun.io.unicode.encoding" value="UnicodeLittle"/>
    <property name="sun.desktop" value="windows"/>
    <property name="sun.cpu.isalist" value="pentium_pro+mmx pentium_pro pentium+mmx pentium i486 i386 i86"/>
  </properties>
  <testcase time="0" classname="com.tj.gyl.database.test.SessionFactoryTest" name="testSessionFactory"/>
  <testcase time="0.236" classname="com.tj.gyl.database.test.SessionFactoryTest" name="testCountProduct"/>
</testsuite>